2016-05-25 13:38:12,030 INFO main TestCases.BaiduSearch - *********读取yaml文件*******
2016-05-25 13:38:15,291 INFO main TestCases.BaiduSearch - *********搜索成功！！*******
2016-08-30 14:42:18,228 INFO main TestCases.AddAttribute - **********************读取yaml文件**************************
2016-08-30 14:42:20,073 INFO main TestCases.AddAttribute - **********************登录ERP系统成功**************************
2016-08-30 14:43:35,803 INFO main TestCases.AddAttribute - **********************读取yaml文件**************************
2016-08-30 14:43:37,669 INFO main TestCases.AddAttribute - **********************登录ERP系统成功**************************
2016-08-30 14:44:32,204 INFO main TestCases.AddAttribute - **********************读取yaml文件**************************
2016-08-30 14:44:34,038 INFO main TestCases.AddAttribute - **********************登录ERP系统成功**************************
2016-08-30 14:46:24,331 INFO main TestCases.AddAttribute - **********************读取yaml文件**************************
2016-08-30 14:46:26,200 INFO main TestCases.AddAttribute - **********************登录ERP系统成功**************************
2016-08-30 14:50:38,099 INFO main TestCases.AddAttribute - **********************读取yaml文件**************************
2016-08-30 14:50:40,045 INFO main TestCases.AddAttribute - **********************登录ERP系统成功**************************
2016-08-30 14:54:42,724 INFO main TestCases.AddAttribute - **********************读取yaml文件**************************
2016-08-30 14:54:44,552 INFO main TestCases.AddAttribute - **********************登录ERP系统成功**************************
2016-08-30 14:55:44,021 INFO main TestCases.AddAttribute - **********************读取yaml文件**************************
2016-08-30 14:55:45,851 INFO main TestCases.AddAttribute - **********************登录ERP系统成功**************************
2016-08-30 14:58:26,698 INFO main TestCases.AddAttribute - **********************读取yaml文件**************************
2016-08-30 14:58:28,518 INFO main TestCases.AddAttribute - **********************登录ERP系统成功**************************
2016-08-30 14:59:00,403 INFO main TestCases.AddAttribute - **********************读取yaml文件**************************
2016-08-30 14:59:02,236 INFO main TestCases.AddAttribute - **********************登录ERP系统成功**************************
2016-08-30 15:08:42,649 INFO main TestCases.AddAttribute - **********************读取yaml文件**************************
2016-08-30 15:08:44,512 INFO main TestCases.AddAttribute - **********************登录ERP系统成功**************************
2016-08-30 15:08:51,714 INFO main TestCases.AddAttribute - **********************新增属性信息成功**************************
2016-08-30 15:09:51,183 INFO main TestCases.AddAttribute - **********************读取yaml文件**************************
2016-08-30 15:09:53,023 INFO main TestCases.AddAttribute - **********************登录ERP系统成功**************************
2016-08-30 15:10:00,272 INFO main TestCases.AddAttribute - **********************新增属性信息成功**************************
2016-08-30 15:10:00,467 INFO main TestCases.AddAttribute - **********************成功删除新增的属性信息**************************
2016-08-30 15:28:05,634 INFO main TestCases.AddAttribute - **********************读取yaml文件**************************
2016-08-30 15:28:07,516 INFO main TestCases.AddAttribute - **********************登录ERP系统成功**************************
2016-08-30 15:28:14,960 INFO main TestCases.AddAttribute - **********************成功删除新增的属性信息**************************
2016-08-30 15:35:00,076 INFO main TestCases.AddAttribute - **********************读取yaml文件**************************
2016-08-30 15:35:01,902 INFO main TestCases.AddAttribute - **********************登录ERP系统成功**************************
2016-08-30 15:35:09,255 INFO main TestCases.AddAttribute - **********************成功删除新增的属性信息**************************
2016-08-30 15:35:48,435 INFO main TestCases.AddAttribute - **********************读取yaml文件**************************
2016-08-30 15:35:50,310 INFO main TestCases.AddAttribute - **********************登录ERP系统成功**************************
2016-08-30 15:35:57,479 INFO main TestCases.AddAttribute - **********************新增属性信息成功**************************
2016-08-30 15:35:57,670 INFO main TestCases.AddAttribute - **********************成功删除新增的属性信息**************************
2016-08-30 16:03:52,156 INFO main TestCases.AddAttribute - **********************读取yaml文件**************************
2016-08-30 16:03:54,022 INFO main TestCases.AddAttribute - **********************登录ERP系统成功**************************
2016-08-30 16:04:01,417 INFO main TestCases.AddAttribute - **********************成功删除新增的属性信息**************************
2016-08-30 16:05:17,991 INFO main TestCases.AddAttribute - **********************读取yaml文件**************************
2016-08-30 16:05:19,812 INFO main TestCases.AddAttribute - **********************登录ERP系统成功**************************
2016-08-30 16:05:27,203 INFO main TestCases.AddAttribute - **********************成功删除新增的属性信息**************************
2016-08-30 16:06:29,906 INFO main TestCases.AddAttribute - **********************读取yaml文件**************************
2016-08-30 16:06:31,751 INFO main TestCases.AddAttribute - **********************登录ERP系统成功**************************
2016-08-30 16:06:39,118 INFO main TestCases.AddAttribute - **********************成功删除新增的属性信息**************************
2016-08-30 16:11:08,437 INFO main BaseMethod.EditAttribute - **********************读取yaml文件**************************
2016-08-30 16:11:10,307 INFO main BaseMethod.EditAttribute - **********************登录ERP系统成功**************************
2016-08-30 16:11:14,538 INFO main BaseMethod.EditAttribute - **********************没能成功删除编辑后的属性信息**************************
2016-08-30 16:11:57,807 INFO main BaseMethod.EditAttribute - **********************读取yaml文件**************************
2016-08-30 16:11:59,692 INFO main BaseMethod.EditAttribute - **********************登录ERP系统成功**************************
2016-08-30 16:12:04,175 INFO main BaseMethod.EditAttribute - **********************成功删除编辑后的属性信息**************************
2016-08-30 16:12:33,936 INFO main BaseMethod.EditAttribute - **********************读取yaml文件**************************
2016-08-30 16:12:35,753 INFO main BaseMethod.EditAttribute - **********************登录ERP系统成功**************************
2016-08-30 16:12:42,212 INFO main BaseMethod.EditAttribute - **********************成功删除编辑后的属性信息**************************
2016-08-30 16:13:31,797 INFO main BaseMethod.EditAttribute - **********************读取yaml文件**************************
2016-08-30 16:13:33,634 INFO main BaseMethod.EditAttribute - **********************登录ERP系统成功**************************
2016-08-30 16:13:40,013 INFO main BaseMethod.EditAttribute - **********************成功删除编辑后的属性信息**************************
2016-08-30 17:46:30,895 INFO main TestCases.AddAttribute - **********************读取yaml文件**************************
2016-08-30 17:46:32,791 INFO main TestCases.AddAttribute - **********************登录ERP系统成功**************************
2016-08-30 17:46:40,247 INFO main TestCases.AddAttribute - **********************成功删除新增的属性信息**************************
2016-08-31 09:22:32,426 INFO main BaseMethod.EditAttribute - **********************读取yaml文件**************************
2016-08-31 09:22:34,308 INFO main BaseMethod.EditAttribute - **********************登录ERP系统成功**************************
2016-08-31 09:22:40,788 INFO main BaseMethod.EditAttribute - **********************成功删除编辑后的属性信息**************************
2016-08-31 09:24:35,939 INFO main BaseMethod.EditAttribute - **********************读取yaml文件**************************
2016-08-31 09:24:37,778 INFO main BaseMethod.EditAttribute - **********************登录ERP系统成功**************************
2016-08-31 09:35:53,681 INFO main BaseMethod.EditAttribute - **********************读取yaml文件**************************
2016-08-31 09:35:55,528 INFO main BaseMethod.EditAttribute - **********************登录ERP系统成功**************************
2016-08-31 09:36:01,993 INFO main BaseMethod.EditAttribute - **********************成功恢复被编辑的属性信息**************************
2016-08-31 09:50:39,390 INFO main TestCases.EditAttribute - **********************读取yaml文件**************************
2016-08-31 09:50:41,221 INFO main TestCases.EditAttribute - **********************登录ERP系统成功**************************
2016-08-31 09:50:47,681 INFO main TestCases.EditAttribute - **********************成功恢复被编辑的属性信息**************************
2016-08-31 09:51:14,342 INFO main TestCases.EditAttribute - **********************读取yaml文件**************************
2016-08-31 09:51:16,251 INFO main TestCases.EditAttribute - **********************登录ERP系统成功**************************
2016-08-31 10:55:29,439 INFO main TestCases.AddAttribute - **********************读取yaml文件**************************
2016-08-31 10:55:32,307 INFO main TestCases.AddAttribute - **********************登录ERP系统成功**************************
2016-08-31 10:55:33,280 INFO main TestCases.AddAttribute - 没能成功删除新增的品牌信息
2016-08-31 10:58:35,791 INFO main TestCases.AddAttribute - 读取yaml文件
2016-08-31 10:58:38,668 INFO main TestCases.AddAttribute - 登录ERP系统成功
2016-08-31 10:58:41,302 INFO main TestCases.AddAttribute - 没能成功删除新增的品牌信息
2016-08-31 11:00:30,359 INFO main TestCases.AddAttribute - 读取yaml文件
2016-08-31 11:00:33,200 INFO main TestCases.AddAttribute - 登录ERP系统成功
2016-08-31 11:00:39,649 INFO main TestCases.AddAttribute - 没能成功删除新增的品牌信息
2016-08-31 11:02:00,444 INFO main TestCases.AddAttribute - 读取yaml文件
2016-08-31 11:02:03,308 INFO main TestCases.AddAttribute - 登录ERP系统成功
2016-08-31 11:02:09,744 INFO main TestCases.AddAttribute - 没能成功删除新增的品牌信息
2016-08-31 11:03:22,392 INFO main TestCases.AddAttribute - 读取yaml文件
2016-08-31 11:03:25,229 INFO main TestCases.AddAttribute - 登录ERP系统成功
2016-08-31 11:03:34,884 INFO main TestCases.AddAttribute - 上传品牌介绍图片
2016-08-31 11:03:45,276 INFO main TestCases.AddAttribute - 没能成功删除新增的品牌信息
2016-08-31 11:05:08,286 INFO main TestCases.AddAttribute - 读取yaml文件
2016-08-31 11:05:11,105 INFO main TestCases.AddAttribute - 登录ERP系统成功
2016-08-31 11:05:20,702 INFO main TestCases.AddAttribute - 上传品牌介绍图片
2016-08-31 11:05:31,081 INFO main TestCases.AddAttribute - 没能成功删除新增的品牌信息
2016-08-31 11:10:05,966 INFO main TestCases.AddAttribute - 读取yaml文件
2016-08-31 11:10:08,847 INFO main TestCases.AddAttribute - 登录ERP系统成功
2016-08-31 11:10:18,570 INFO main TestCases.AddAttribute - 上传品牌介绍图片
2016-08-31 11:10:28,967 INFO main TestCases.AddAttribute - 没能成功删除新增的品牌信息
2016-08-31 12:06:51,666 INFO main TestCases.AddAttribute - 读取yaml文件
2016-08-31 12:06:54,519 INFO main TestCases.AddAttribute - 登录ERP系统成功
2016-08-31 12:07:04,165 INFO main TestCases.AddAttribute - 上传品牌介绍图片
2016-08-31 12:07:04,408 INFO main TestCases.AddAttribute - 没能成功删除新增的品牌信息
2016-08-31 12:08:25,420 INFO main TestCases.AddAttribute - 读取yaml文件
2016-08-31 12:08:28,277 INFO main TestCases.AddAttribute - 登录ERP系统成功
2016-08-31 12:08:38,000 INFO main TestCases.AddAttribute - 上传品牌介绍图片
2016-08-31 12:08:48,397 INFO main TestCases.AddAttribute - 没能成功删除新增的品牌信息
2016-08-31 12:12:07,860 INFO main TestCases.AddAttribute - 读取yaml文件
2016-08-31 12:12:10,723 INFO main TestCases.AddAttribute - 登录ERP系统成功
2016-08-31 12:12:20,479 INFO main TestCases.AddAttribute - 上传品牌介绍图片
2016-08-31 12:12:30,872 INFO main TestCases.AddAttribute - 没能成功删除新增的品牌信息
2016-08-31 12:15:35,872 INFO main TestCases.AddAttribute - 读取yaml文件
2016-08-31 12:15:38,729 INFO main TestCases.AddAttribute - 登录ERP系统成功
2016-08-31 12:15:48,372 INFO main TestCases.AddAttribute - 上传品牌介绍图片
2016-08-31 12:15:58,772 INFO main TestCases.AddAttribute - 没能成功删除新增的品牌信息
2016-08-31 12:17:42,741 INFO main TestCases.AddAttribute - 读取yaml文件
2016-08-31 12:17:45,607 INFO main TestCases.AddAttribute - 登录ERP系统成功
2016-08-31 12:17:55,293 INFO main TestCases.AddAttribute - 上传品牌介绍图片
2016-08-31 12:18:05,684 INFO main TestCases.AddAttribute - 没能成功删除新增的品牌信息
2016-08-31 12:26:41,087 INFO main TestCases.AddAttribute - 读取yaml文件
2016-08-31 12:26:43,977 INFO main TestCases.AddAttribute - 登录ERP系统成功
2016-08-31 12:26:53,596 INFO main TestCases.AddAttribute - 上传品牌介绍图片
2016-08-31 12:27:03,973 INFO main TestCases.AddAttribute - 没能成功删除新增的品牌信息
2016-08-31 12:33:22,496 INFO main TestCases.AddAttribute - 读取yaml文件
2016-08-31 12:33:25,369 INFO main TestCases.AddAttribute - 登录ERP系统成功
2016-08-31 12:33:35,074 INFO main TestCases.AddAttribute - 上传品牌介绍图片
2016-08-31 12:33:45,466 INFO main TestCases.AddAttribute - 没能成功删除新增的品牌信息
2016-08-31 12:38:18,719 INFO main TestCases.AddAttribute - 读取yaml文件
2016-08-31 12:38:21,600 INFO main TestCases.AddAttribute - 登录ERP系统成功
2016-08-31 12:38:31,296 INFO main TestCases.AddAttribute - 上传品牌介绍图片
2016-08-31 12:38:41,700 INFO main TestCases.AddAttribute - 没能成功删除新增的品牌信息
2016-08-31 12:44:21,042 INFO main TestCases.AddAttribute - 读取yaml文件
2016-08-31 12:44:23,931 INFO main TestCases.AddAttribute - 登录ERP系统成功
2016-08-31 12:44:33,584 INFO main TestCases.AddAttribute - 上传品牌介绍图片
2016-08-31 12:44:33,822 INFO main TestCases.AddAttribute - 没能成功删除新增的品牌信息
2016-08-31 12:54:28,466 INFO main TestCases.AddAttribute - 读取yaml文件
2016-08-31 12:54:31,341 INFO main TestCases.AddAttribute - 登录ERP系统成功
2016-08-31 12:54:40,983 INFO main TestCases.AddAttribute - 上传品牌介绍图片
2016-08-31 12:54:41,179 INFO main TestCases.AddAttribute - 没能成功删除新增的品牌信息
2016-08-31 13:01:48,407 INFO main TestCases.AddAttribute - 读取yaml文件
2016-08-31 13:01:51,229 INFO main TestCases.AddAttribute - 登录ERP系统成功
2016-08-31 13:02:00,852 INFO main TestCases.AddAttribute - 上传品牌介绍图片
2016-08-31 13:02:01,171 INFO main TestCases.AddAttribute - 没能成功删除新增的品牌信息
2016-08-31 13:05:31,518 INFO main TestCases.AddAttribute - 读取yaml文件
2016-08-31 13:05:34,338 INFO main TestCases.AddAttribute - 登录ERP系统成功
2016-08-31 13:05:43,947 INFO main TestCases.AddAttribute - 上传品牌介绍图片
2016-08-31 13:05:44,266 INFO main TestCases.AddAttribute - 没能成功删除新增的品牌信息
2016-08-31 13:07:16,270 INFO main TestCases.AddAttribute - 读取yaml文件
2016-08-31 13:07:19,097 INFO main TestCases.AddAttribute - 登录ERP系统成功
2016-08-31 13:07:28,759 INFO main TestCases.AddAttribute - 上传品牌介绍图片
2016-08-31 13:07:29,098 INFO main TestCases.AddAttribute - 没能成功删除新增的品牌信息
2016-08-31 13:08:02,537 INFO main TestCases.AddAttribute - 读取yaml文件
2016-08-31 13:08:05,385 INFO main TestCases.AddAttribute - 登录ERP系统成功
2016-08-31 13:08:15,133 INFO main TestCases.AddAttribute - 上传品牌介绍图片
2016-08-31 13:08:18,481 INFO main TestCases.AddAttribute - 成功删除新增的品牌信息
2016-08-31 13:08:53,450 INFO main TestCases.AddAttribute - 读取yaml文件
2016-08-31 13:08:56,272 INFO main TestCases.AddAttribute - 登录ERP系统成功
2016-08-31 13:09:05,886 INFO main TestCases.AddAttribute - 上传品牌介绍图片
2016-08-31 13:09:10,218 INFO main TestCases.AddAttribute - 成功删除新增的品牌信息
2016-08-31 13:09:48,139 INFO main TestCases.AddAttribute - 读取yaml文件
2016-08-31 13:09:50,957 INFO main TestCases.AddAttribute - 登录ERP系统成功
2016-08-31 13:10:00,573 INFO main TestCases.AddAttribute - 上传品牌介绍图片
2016-08-31 13:10:05,896 INFO main TestCases.AddAttribute - 成功删除新增的品牌信息
2016-08-31 13:10:39,723 INFO main TestCases.AddAttribute - 读取yaml文件
2016-08-31 13:10:42,553 INFO main TestCases.AddAttribute - 登录ERP系统成功
2016-08-31 13:10:52,181 INFO main TestCases.AddAttribute - 上传品牌介绍图片
2016-08-31 13:10:57,532 INFO main TestCases.AddAttribute - 成功删除新增的品牌信息
2016-08-31 13:12:15,514 INFO main TestCases.AddAttribute - 读取yaml文件
2016-08-31 13:12:18,388 INFO main TestCases.AddAttribute - 登录ERP系统成功
2016-08-31 13:12:28,100 INFO main TestCases.AddAttribute - 上传品牌介绍图片
2016-08-31 13:12:36,446 INFO main TestCases.AddAttribute - 成功删除新增的品牌信息
2016-08-31 13:12:53,271 INFO main TestCases.AddAttribute - 读取yaml文件
2016-08-31 13:12:56,146 INFO main TestCases.AddAttribute - 登录ERP系统成功
2016-08-31 13:13:05,824 INFO main TestCases.AddAttribute - 上传品牌介绍图片
2016-08-31 13:13:12,172 INFO main TestCases.AddAttribute - 成功删除新增的品牌信息
2016-08-31 13:52:39,754 INFO main TestCases.AddAttribute - 读取yaml文件
2016-08-31 13:52:42,607 INFO main TestCases.AddAttribute - 登录ERP系统成功
2016-08-31 13:52:48,902 INFO main TestCases.AddAttribute - 替换品牌介绍图片
2016-08-31 13:56:13,465 INFO main TestCases.AddAttribute - 读取yaml文件
2016-08-31 13:56:16,312 INFO main TestCases.AddAttribute - 登录ERP系统成功
2016-08-31 13:56:22,620 INFO main TestCases.AddAttribute - 替换品牌介绍图片
2016-08-31 13:57:15,163 INFO main TestCases.AddAttribute - 读取yaml文件
2016-08-31 13:57:17,995 INFO main TestCases.AddAttribute - 登录ERP系统成功
2016-08-31 13:57:24,292 INFO main TestCases.AddAttribute - 替换品牌介绍图片
2016-08-31 13:57:24,633 INFO main TestCases.AddAttribute - 没能成功恢复被编辑的品牌信息
2016-08-31 14:06:44,734 INFO main TestCases.AddAttribute - 读取yaml文件
2016-08-31 14:06:47,623 INFO main TestCases.AddAttribute - 登录ERP系统成功
2016-08-31 14:06:54,338 INFO main TestCases.AddAttribute - 成功恢复被编辑的品牌信息
2016-08-31 14:07:24,837 INFO main TestCases.AddAttribute - 读取yaml文件
2016-08-31 14:07:27,672 INFO main TestCases.AddAttribute - 登录ERP系统成功
2016-08-31 14:07:36,346 INFO main TestCases.AddAttribute - 成功恢复被编辑的品牌信息
2016-08-31 14:09:11,319 INFO main TestCases.AddAttribute - 读取yaml文件
2016-08-31 14:09:14,125 INFO main TestCases.AddAttribute - 登录ERP系统成功
2016-08-31 14:10:10,295 INFO main TestCases.AddAttribute - 读取yaml文件
2016-08-31 14:10:13,130 INFO main TestCases.AddAttribute - 登录ERP系统成功
2016-08-31 14:10:22,814 INFO main TestCases.AddAttribute - 成功恢复被编辑的品牌信息
2016-08-31 14:12:29,709 INFO main TestCases.EditAttribute - **********************读取yaml文件**************************
2016-08-31 14:12:31,555 INFO main TestCases.EditAttribute - **********************登录ERP系统成功**************************
2016-08-31 14:12:38,045 INFO main TestCases.EditAttribute - **********************成功恢复被编辑的属性信息**************************
2016-08-31 14:14:38,353 INFO main TestCases.EditAttribute - **********************读取yaml文件**************************
2016-08-31 14:14:40,275 INFO main TestCases.EditAttribute - **********************登录ERP系统成功**************************
2016-08-31 14:14:46,773 INFO main TestCases.EditAttribute - **********************成功恢复被编辑的属性信息**************************
2016-08-31 14:16:14,989 INFO main TestCases.AddAttribute - 读取yaml文件
2016-08-31 14:16:17,813 INFO main TestCases.AddAttribute - 登录ERP系统成功
2016-08-31 14:16:27,494 INFO main TestCases.AddAttribute - 成功恢复被编辑的品牌信息
2016-08-31 14:17:37,442 INFO main TestCases.AddAttribute - 读取yaml文件
2016-08-31 14:17:40,268 INFO main TestCases.AddAttribute - 登录ERP系统成功
2016-08-31 14:17:49,908 INFO main TestCases.AddAttribute - 成功恢复被编辑的品牌信息
2016-08-31 14:22:17,408 INFO main TestCases.AddAttribute - 读取yaml文件
2016-08-31 14:22:20,289 INFO main TestCases.AddAttribute - 登录ERP系统成功
2016-08-31 14:22:29,959 INFO main TestCases.AddAttribute - 成功恢复被编辑的品牌信息
2016-08-31 14:23:25,779 INFO main TestCases.AddAttribute - 读取yaml文件
2016-08-31 14:23:28,617 INFO main TestCases.AddAttribute - 登录ERP系统成功
2016-08-31 14:23:38,278 INFO main TestCases.AddAttribute - 成功恢复被编辑的品牌信息
2016-08-31 14:25:12,624 INFO main TestCases.EditAttribute - **********************读取yaml文件**************************
2016-08-31 14:25:14,466 INFO main TestCases.EditAttribute - **********************登录ERP系统成功**************************
2016-08-31 14:25:20,964 INFO main TestCases.EditAttribute - **********************成功恢复被编辑的属性信息**************************
2016-08-31 14:26:27,519 INFO main TestCases.EditAttribute - **********************读取yaml文件**************************
2016-08-31 14:26:29,359 INFO main TestCases.EditAttribute - **********************登录ERP系统成功**************************
2016-08-31 14:26:36,790 INFO main TestCases.EditAttribute - **********************成功恢复被编辑的属性信息**************************
2016-08-31 14:27:05,610 INFO main TestCases.EditAttribute - **********************读取yaml文件**************************
2016-08-31 14:27:07,435 INFO main TestCases.EditAttribute - **********************登录ERP系统成功**************************
2016-08-31 14:27:14,906 INFO main TestCases.EditAttribute - **********************成功恢复被编辑的属性信息**************************
2016-08-31 14:27:54,194 INFO main TestCases.EditAttribute - **********************读取yaml文件**************************
2016-08-31 14:27:56,021 INFO main TestCases.EditAttribute - **********************登录ERP系统成功**************************
2016-08-31 14:28:02,477 INFO main TestCases.EditAttribute - **********************成功恢复被编辑的属性信息**************************
2016-08-31 14:30:21,501 INFO main TestCases.EditAttribute - **********************读取yaml文件**************************
2016-08-31 14:30:23,338 INFO main TestCases.EditAttribute - **********************登录ERP系统成功**************************
2016-08-31 14:30:29,795 INFO main TestCases.EditAttribute - **********************成功恢复被编辑的属性信息**************************
2016-08-31 14:32:54,247 INFO main TestCases.AddAttribute - 读取yaml文件
2016-08-31 14:32:57,114 INFO main TestCases.AddAttribute - 登录ERP系统成功
2016-08-31 14:33:06,788 INFO main TestCases.AddAttribute - 成功恢复被编辑的品牌信息
2016-08-31 15:34:37,588 INFO main TestCases.AddAttribute - 读取yaml文件
2016-08-31 15:34:40,536 INFO main TestCases.AddAttribute - 登录ERP系统成功
2016-08-31 15:34:53,811 INFO main TestCases.AddAttribute - 没能成功删除新增的商家信息
2016-08-31 15:37:53,284 INFO main TestCases.AddAttribute - 读取yaml文件
2016-08-31 15:37:56,122 INFO main TestCases.AddAttribute - 登录ERP系统成功
2016-08-31 15:38:09,066 INFO main TestCases.AddAttribute - 成功删除新增的商家信息
2016-08-31 15:58:12,194 INFO main TestCases.AddBrand - 读取yaml文件
2016-08-31 15:58:15,104 INFO main TestCases.AddBrand - 登录ERP系统成功
2016-08-31 15:58:28,078 INFO main TestCases.AddBrand - 成功删除新增的商家信息
2016-08-31 17:07:03,374 INFO main TestCases.EditMerchent - 读取yaml文件
2016-08-31 17:07:06,227 INFO main TestCases.EditMerchent - 登录ERP系统成功
2016-08-31 17:08:47,419 INFO main TestCases.EditMerchent - 读取yaml文件
2016-08-31 17:08:50,257 INFO main TestCases.EditMerchent - 登录ERP系统成功
2016-08-31 17:10:17,569 INFO main TestCases.EditMerchent - 读取yaml文件
2016-08-31 17:10:20,397 INFO main TestCases.EditMerchent - 登录ERP系统成功
2016-08-31 17:10:31,140 INFO main TestCases.EditMerchent - 成功恢复被编辑的商家信息
2016-08-31 17:10:51,229 INFO main TestCases.EditMerchent - 读取yaml文件
2016-08-31 17:10:54,072 INFO main TestCases.EditMerchent - 登录ERP系统成功
2016-08-31 17:11:04,778 INFO main TestCases.EditMerchent - 成功恢复被编辑的商家信息
2016-08-31 17:13:47,140 INFO main TestCases.EditMerchent - 读取yaml文件
2016-08-31 17:13:49,985 INFO main TestCases.EditMerchent - 登录ERP系统成功
2016-08-31 17:14:00,742 INFO main TestCases.EditMerchent - 成功恢复被编辑的商家信息
2016-08-31 17:15:26,751 INFO main TestCases.EditMerchent - 读取yaml文件
2016-08-31 17:15:29,614 INFO main TestCases.EditMerchent - 登录ERP系统成功
2016-08-31 17:15:40,383 INFO main TestCases.EditMerchent - 成功恢复被编辑的商家信息
2016-09-01 13:55:10,426 INFO main TestCases.EditMerchent - 读取yaml文件
2016-09-01 13:55:13,256 INFO main TestCases.EditMerchent - 登录ERP系统成功
2016-09-01 13:55:23,949 INFO main TestCases.EditMerchent - 成功恢复被编辑的商家信息
2016-09-01 13:55:45,791 INFO main TestCases.EditMerchent - 读取yaml文件
2016-09-01 13:55:48,635 INFO main TestCases.EditMerchent - 登录ERP系统成功
2016-09-01 13:55:59,447 INFO main TestCases.EditMerchent - 成功恢复被编辑的商家信息
2016-09-01 13:59:48,652 INFO main TestCases.EditMerchent - 读取yaml文件
2016-09-01 13:59:51,506 INFO main TestCases.EditMerchent - 登录ERP系统成功
2016-09-01 14:00:16,231 INFO main TestCases.EditMerchent - 读取yaml文件
2016-09-01 14:00:19,105 INFO main TestCases.EditMerchent - 登录ERP系统成功
2016-09-01 14:01:05,463 INFO main TestCases.EditMerchent - 读取yaml文件
2016-09-01 14:01:08,392 INFO main TestCases.EditMerchent - 登录ERP系统成功
2016-09-01 14:02:46,645 INFO main TestCases.EditMerchent - 读取yaml文件
2016-09-01 14:02:49,475 INFO main TestCases.EditMerchent - 登录ERP系统成功
2016-09-01 14:10:28,719 INFO main TestCases.AddAttribute - **********************读取yaml文件**************************
2016-09-01 14:10:30,572 INFO main TestCases.AddAttribute - **********************登录ERP系统成功**************************
2016-09-01 14:10:37,981 INFO main TestCases.AddAttribute - **********************成功删除新增的属性信息**************************
2016-09-01 15:51:12,332 INFO main TestCases.AddAttribute - **********************读取yaml文件**************************
2016-09-01 15:51:14,317 INFO main TestCases.AddAttribute - **********************登录ERP系统成功**************************
2016-09-01 15:51:16,266 INFO main TestCases.AddAttribute - 未能成功删除新增的仓库信息
2016-09-01 15:52:28,754 INFO main TestCases.AddAttribute - **********************读取yaml文件**************************
2016-09-01 15:52:30,611 INFO main TestCases.AddAttribute - **********************登录ERP系统成功**************************
2016-09-01 15:52:50,280 INFO main TestCases.AddAttribute - 新建仓库信息成功
2016-09-01 15:52:50,479 INFO main TestCases.AddAttribute - 成功删除了新增的仓库信息
2016-09-01 15:54:04,796 INFO main TestCases.AddAttribute - **********************读取yaml文件**************************
2016-09-01 15:54:06,652 INFO main TestCases.AddAttribute - **********************登录ERP系统成功**************************
2016-09-01 15:54:26,216 INFO main TestCases.AddAttribute - 新建仓库信息成功
2016-09-01 15:54:26,427 INFO main TestCases.AddAttribute - 成功删除了新增的仓库信息
2016-09-05 16:58:12,100 INFO main TestCases.EditBrand - 读取yaml文件
2016-09-05 16:58:14,960 INFO main TestCases.EditBrand - 登录ERP系统成功
2016-09-05 17:00:03,015 INFO pool-1-thread-1 TestCases.EditBrand - 读取yaml文件
2016-09-05 17:00:05,901 INFO pool-1-thread-1 TestCases.EditBrand - 登录ERP系统成功
2016-09-05 17:06:22,622 INFO main TestCases.EditWarehouse - 读取yaml文件
2016-09-05 17:06:25,531 INFO main TestCases.EditWarehouse - 登录ERP系统成功
2016-09-05 17:06:34,769 INFO main TestCases.EditWarehouse - ******编辑仓库信息成功******
2016-09-05 17:07:46,150 INFO main TestCases.EditWarehouse - 读取yaml文件
2016-09-05 17:07:49,005 INFO main TestCases.EditWarehouse - 登录ERP系统成功
2016-09-05 17:07:58,225 INFO main TestCases.EditWarehouse - ******编辑仓库信息成功******
2016-09-05 17:07:58,431 INFO main TestCases.EditWarehouse - **********************成功恢复被编辑的仓库信息**************************
2016-09-05 17:23:10,496 INFO main TestCases.AddBrand - 读取yaml文件
2016-09-05 17:23:13,367 INFO main TestCases.AddBrand - 登录ERP系统成功
2016-09-05 17:23:23,048 INFO main TestCases.AddBrand - 上传品牌介绍图片
2016-09-05 17:23:30,411 INFO main TestCases.AddBrand - 成功删除新增的品牌信息
2016-09-05 17:46:59,547 INFO main TestCases.AddLogistics - **********************读取yaml文件**************************
2016-09-05 17:47:01,417 INFO main TestCases.AddLogistics - **********************登录ERP系统成功**************************
2016-09-05 17:47:14,175 INFO main TestCases.AddLogistics - 未能成功删除新增的物流商信息
2016-09-05 17:48:25,651 INFO main TestCases.AddLogistics - **********************读取yaml文件**************************
2016-09-05 17:48:27,520 INFO main TestCases.AddLogistics - **********************登录ERP系统成功**************************
2016-09-05 17:48:40,085 INFO main TestCases.AddLogistics - 新增物流商信息成功。
2016-09-05 17:48:40,297 INFO main TestCases.AddLogistics - 成功删除了新增的物流商信息
2016-09-05 18:38:29,062 INFO main TestCases.EditLogistics - 读取yaml文件
2016-09-05 18:38:31,992 INFO main TestCases.EditLogistics - 登录ERP系统成功
2016-09-05 18:38:42,774 INFO main TestCases.EditLogistics - 自动化编辑物流商成功
2016-09-05 18:38:42,974 INFO main TestCases.EditLogistics - 成功恢复被编辑的物流商信息
2016-09-05 22:54:16,036 INFO main TestCases.Addgoods - 读取yaml文件
2016-09-05 22:54:18,952 INFO main TestCases.Addgoods - 登录ERP系统成功
2016-09-05 22:55:02,118 INFO main TestCases.Addgoods - 没能成功删除新增的商品信息
2016-09-05 22:56:07,422 INFO main TestCases.Addgoods - 读取yaml文件
2016-09-05 22:56:10,292 INFO main TestCases.Addgoods - 登录ERP系统成功
2016-09-05 22:56:55,389 INFO main TestCases.Addgoods - 没能成功删除新增的商品信息
2016-09-05 22:59:28,964 INFO main TestCases.Addgoods - 读取yaml文件
2016-09-05 22:59:31,832 INFO main TestCases.Addgoods - 登录ERP系统成功
2016-09-05 22:59:51,690 INFO main TestCases.Addgoods - 没能成功删除新增的商品信息
2016-09-05 23:01:34,427 INFO main TestCases.Addgoods - 读取yaml文件
2016-09-05 23:01:37,363 INFO main TestCases.Addgoods - 登录ERP系统成功
2016-09-05 23:02:11,089 INFO main TestCases.Addgoods - 第一张图片上传成功
2016-09-05 23:02:17,159 INFO main TestCases.Addgoods - 第二张图片上传成功
2016-09-05 23:02:27,228 INFO main TestCases.Addgoods - 第三张图片上传成功
2016-09-05 23:02:32,501 INFO main TestCases.Addgoods - 没能成功删除新增的商品信息
2016-09-05 23:03:45,982 INFO main TestCases.Addgoods - 读取yaml文件
2016-09-05 23:03:48,813 INFO main TestCases.Addgoods - 登录ERP系统成功
2016-09-05 23:04:22,351 INFO main TestCases.Addgoods - 第一张图片上传成功
2016-09-05 23:04:28,418 INFO main TestCases.Addgoods - 第二张图片上传成功
2016-09-05 23:04:38,486 INFO main TestCases.Addgoods - 第三张图片上传成功
2016-09-05 23:04:48,742 INFO main TestCases.Addgoods - 没能成功删除新增的商品信息
2016-09-05 23:07:19,744 INFO main TestCases.Addgoods - 读取yaml文件
2016-09-05 23:07:22,600 INFO main TestCases.Addgoods - 登录ERP系统成功
2016-09-05 23:07:56,128 INFO main TestCases.Addgoods - 第一张图片上传成功
2016-09-05 23:08:02,189 INFO main TestCases.Addgoods - 第二张图片上传成功
2016-09-05 23:08:12,251 INFO main TestCases.Addgoods - 第三张图片上传成功
2016-09-05 23:08:12,330 INFO main TestCases.Addgoods - 点击保存成功
2016-09-05 23:08:22,513 INFO main TestCases.Addgoods - 没能成功删除新增的商品信息
2016-09-05 23:11:00,931 INFO main TestCases.Addgoods - 读取yaml文件
2016-09-05 23:11:03,784 INFO main TestCases.Addgoods - 登录ERP系统成功
2016-09-05 23:11:37,302 INFO main TestCases.Addgoods - 第一张图片上传成功
2016-09-05 23:11:43,361 INFO main TestCases.Addgoods - 第二张图片上传成功
2016-09-05 23:11:53,423 INFO main TestCases.Addgoods - 第三张图片上传成功
2016-09-05 23:11:54,501 INFO main TestCases.Addgoods - 点击保存成功
2016-09-05 23:11:54,735 INFO main TestCases.Addgoods - 没能成功删除新增的商品信息
2016-09-05 23:12:35,400 INFO main TestCases.Addgoods - 读取yaml文件
2016-09-05 23:12:38,265 INFO main TestCases.Addgoods - 登录ERP系统成功
2016-09-05 23:13:11,896 INFO main TestCases.Addgoods - 第一张图片上传成功
2016-09-05 23:13:17,963 INFO main TestCases.Addgoods - 第二张图片上传成功
2016-09-05 23:13:28,032 INFO main TestCases.Addgoods - 第三张图片上传成功
2016-09-05 23:13:29,109 INFO main TestCases.Addgoods - 点击保存成功
2016-09-05 23:13:30,342 INFO main TestCases.Addgoods - 没能成功删除新增的商品信息
2016-09-05 23:18:02,780 INFO main TestCases.Addgoods - 读取yaml文件
2016-09-05 23:18:05,714 INFO main TestCases.Addgoods - 登录ERP系统成功
2016-09-05 23:18:39,414 INFO main TestCases.Addgoods - 第一张图片上传成功
2016-09-05 23:18:45,481 INFO main TestCases.Addgoods - 第二张图片上传成功
2016-09-05 23:18:55,548 INFO main TestCases.Addgoods - 第三张图片上传成功
2016-09-05 23:19:02,809 INFO main TestCases.Addgoods - 没能成功删除新增的商品信息
2016-09-05 23:23:08,934 INFO main TestCases.Addgoods - 读取yaml文件
2016-09-05 23:23:11,764 INFO main TestCases.Addgoods - 登录ERP系统成功
2016-09-05 23:23:45,304 INFO main TestCases.Addgoods - 第一张图片上传成功
2016-09-05 23:23:51,368 INFO main TestCases.Addgoods - 第二张图片上传成功
2016-09-05 23:24:01,430 INFO main TestCases.Addgoods - 第三张图片上传成功
2016-09-05 23:24:53,834 INFO main TestCases.Addgoods - 读取yaml文件
2016-09-05 23:24:56,675 INFO main TestCases.Addgoods - 登录ERP系统成功
2016-09-05 23:25:30,257 INFO main TestCases.Addgoods - 第一张图片上传成功
2016-09-05 23:25:36,322 INFO main TestCases.Addgoods - 第二张图片上传成功
2016-09-05 23:25:46,385 INFO main TestCases.Addgoods - 第三张图片上传成功
2016-09-05 23:27:23,101 INFO main TestCases.Addgoods - 读取yaml文件
2016-09-05 23:27:25,970 INFO main TestCases.Addgoods - 登录ERP系统成功
2016-09-05 23:27:59,670 INFO main TestCases.Addgoods - 第一张图片上传成功
2016-09-05 23:28:05,734 INFO main TestCases.Addgoods - 第二张图片上传成功
2016-09-05 23:28:15,800 INFO main TestCases.Addgoods - 第三张图片上传成功
2016-09-05 23:31:11,298 INFO main TestCases.Addgoods - 读取yaml文件
2016-09-05 23:31:14,181 INFO main TestCases.Addgoods - 登录ERP系统成功
2016-09-05 23:31:47,997 INFO main TestCases.Addgoods - 第一张图片上传成功
2016-09-05 23:31:54,063 INFO main TestCases.Addgoods - 第二张图片上传成功
2016-09-05 23:32:04,134 INFO main TestCases.Addgoods - 第三张图片上传成功
2016-09-05 23:35:06,793 INFO main TestCases.Addgoods - 读取yaml文件
2016-09-05 23:35:09,638 INFO main TestCases.Addgoods - 登录ERP系统成功
2016-09-05 23:35:43,167 INFO main TestCases.Addgoods - 第一张图片上传成功
2016-09-05 23:35:49,229 INFO main TestCases.Addgoods - 第二张图片上传成功
2016-09-05 23:35:59,290 INFO main TestCases.Addgoods - 第三张图片上传成功
2016-09-05 23:39:04,951 INFO main TestCases.Addgoods - 读取yaml文件
2016-09-05 23:39:07,846 INFO main TestCases.Addgoods - 登录ERP系统成功
2016-09-05 23:39:41,355 INFO main TestCases.Addgoods - 第一张图片上传成功
2016-09-05 23:39:47,415 INFO main TestCases.Addgoods - 第二张图片上传成功
2016-09-05 23:39:57,480 INFO main TestCases.Addgoods - 第三张图片上传成功
2016-09-05 23:41:27,903 INFO main TestCases.Addgoods - 读取yaml文件
2016-09-05 23:41:30,805 INFO main TestCases.Addgoods - 登录ERP系统成功
2016-09-05 23:42:01,586 INFO main TestCases.Addgoods - 第一张图片上传成功
2016-09-05 23:42:04,653 INFO main TestCases.Addgoods - 第二张图片上传成功
2016-09-05 23:42:44,730 INFO main TestCases.Addgoods - 第三张图片上传成功
2016-09-05 23:42:49,819 INFO main TestCases.Addgoods - 自动化新增商品成功
2016-09-05 23:42:50,046 INFO main TestCases.Addgoods - 成功删除新增的商品信息
2016-09-05 23:43:45,384 INFO main TestCases.Addgoods - 读取yaml文件
2016-09-05 23:43:48,212 INFO main TestCases.Addgoods - 登录ERP系统成功
2016-09-05 23:44:18,912 INFO main TestCases.Addgoods - 第一张图片上传成功
2016-09-05 23:44:21,979 INFO main TestCases.Addgoods - 第二张图片上传成功
2016-09-05 23:44:26,040 INFO main TestCases.Addgoods - 第三张图片上传成功
2016-09-05 23:44:31,130 INFO main TestCases.Addgoods - 自动化新增商品成功
2016-09-05 23:44:31,346 INFO main TestCases.Addgoods - 成功删除新增的商品信息
2016-09-06 09:08:14,250 INFO main TestCases.Addgoods - 读取yaml文件
2016-09-06 09:08:17,112 INFO main TestCases.Addgoods - 登录ERP系统成功
2016-09-06 09:08:47,690 INFO main TestCases.Addgoods - 第一张图片上传成功
2016-09-06 09:08:50,751 INFO main TestCases.Addgoods - 第二张图片上传成功
2016-09-06 09:08:54,820 INFO main TestCases.Addgoods - 第三张图片上传成功
2016-09-06 09:08:59,903 INFO main TestCases.Addgoods - 自动化新增商品成功
2016-09-06 09:09:00,115 INFO main TestCases.Addgoods - 成功删除新增的商品信息
2016-09-06 11:04:22,847 INFO main TestCases.EditGoods - 读取yaml文件
2016-09-06 11:04:25,676 INFO main TestCases.EditGoods - 登录ERP系统成功
2016-09-06 11:04:35,235 INFO main TestCases.EditGoods - 编辑商品成功
2016-09-06 11:04:35,488 INFO main TestCases.EditGoods - 没能成功恢复被编辑的品牌信息
2016-09-06 11:08:42,902 INFO main TestCases.Addgoods - 读取yaml文件
2016-09-06 11:08:45,755 INFO main TestCases.Addgoods - 登录ERP系统成功
2016-09-06 11:09:16,335 INFO main TestCases.Addgoods - 第一张图片上传成功
2016-09-06 11:09:19,399 INFO main TestCases.Addgoods - 第二张图片上传成功
2016-09-06 11:09:23,461 INFO main TestCases.Addgoods - 第三张图片上传成功
2016-09-06 11:09:28,544 INFO main TestCases.Addgoods - 自动化新增商品成功
2016-09-06 11:09:28,822 INFO main TestCases.Addgoods - 没能成功删除新增的商品信息
2016-09-06 11:10:26,651 INFO main TestCases.Addgoods - 读取yaml文件
2016-09-06 11:10:29,520 INFO main TestCases.Addgoods - 登录ERP系统成功
2016-09-06 11:11:00,212 INFO main TestCases.Addgoods - 第一张图片上传成功
2016-09-06 11:11:03,277 INFO main TestCases.Addgoods - 第二张图片上传成功
2016-09-06 11:11:07,342 INFO main TestCases.Addgoods - 第三张图片上传成功
2016-09-06 11:11:12,431 INFO main TestCases.Addgoods - 自动化新增商品成功
2016-09-06 11:11:12,672 INFO main TestCases.Addgoods - 没能成功删除新增的商品信息
2016-09-06 11:11:53,661 INFO main TestCases.Addgoods - 读取yaml文件
2016-09-06 11:11:56,476 INFO main TestCases.Addgoods - 登录ERP系统成功
2016-09-06 11:12:26,944 INFO main TestCases.Addgoods - 第一张图片上传成功
2016-09-06 11:12:30,006 INFO main TestCases.Addgoods - 第二张图片上传成功
2016-09-06 11:12:34,067 INFO main TestCases.Addgoods - 第三张图片上传成功
2016-09-06 11:12:39,151 INFO main TestCases.Addgoods - 自动化新增商品成功
2016-09-06 11:12:39,407 INFO main TestCases.Addgoods - 成功删除新增的商品信息
2016-09-06 11:15:17,791 INFO main TestCases.EditGoods - 读取yaml文件
2016-09-06 11:15:20,644 INFO main TestCases.EditGoods - 登录ERP系统成功
2016-09-06 11:15:30,199 INFO main TestCases.EditGoods - 编辑商品成功
2016-09-06 11:15:30,473 INFO main TestCases.EditGoods - 成功恢复被编辑的品牌信息
2016-09-06 14:31:51,024 INFO main TestCases.ManualChangeInventory - 读取yaml文件
2016-09-06 14:31:53,870 INFO main TestCases.ManualChangeInventory - 登录ERP系统成功
2016-09-06 14:34:51,122 INFO main TestCases.ManualChangeInventory - 读取yaml文件
2016-09-06 14:34:53,980 INFO main TestCases.ManualChangeInventory - 登录ERP系统成功
2016-09-06 14:35:37,211 INFO main TestCases.ManualChangeInventory - 读取yaml文件
2016-09-06 14:35:40,050 INFO main TestCases.ManualChangeInventory - 登录ERP系统成功
2016-09-06 14:37:41,553 INFO main TestCases.ManualChangeInventory - 读取yaml文件
2016-09-06 14:37:44,403 INFO main TestCases.ManualChangeInventory - 登录ERP系统成功
2016-09-06 14:37:58,062 INFO main TestCases.ManualChangeInventory - 手动调整库存成功！
2016-09-06 15:00:23,563 INFO main TestCases.ManualChangeInventory - 读取yaml文件
2016-09-06 15:00:26,460 INFO main TestCases.ManualChangeInventory - 登录ERP系统成功
2016-09-06 15:03:01,473 INFO main TestCases.ManualChangeInventory - 读取yaml文件
2016-09-06 15:03:04,387 INFO main TestCases.ManualChangeInventory - 登录ERP系统成功
2016-09-06 15:09:06,197 INFO main TestCases.ManualChangeInventory - 读取yaml文件
2016-09-06 15:09:09,080 INFO main TestCases.ManualChangeInventory - 登录ERP系统成功
2016-09-06 15:09:18,209 INFO main TestCases.ManualChangeInventory - 批量导入库存成功
2016-09-06 15:42:40,992 INFO main TestCases.ManualChangeInventory - 读取yaml文件
2016-09-06 15:42:44,642 INFO main TestCases.ManualChangeInventory - 登录ERP系统成功
2016-09-06 15:42:53,855 INFO main TestCases.ManualChangeInventory - 批量导入库存成功
2016-09-06 16:55:26,623 INFO main TestCases.ManualChangeInventory - 读取yaml文件
2016-09-06 16:55:29,475 INFO main TestCases.ManualChangeInventory - 登录ERP系统成功
2016-09-06 16:55:29,657 INFO main TestCases.ManualChangeInventory - 没能成功删除新增的活动信息
2016-09-06 16:56:42,704 INFO main TestCases.AddPromotion - 读取yaml文件
2016-09-06 16:56:45,551 INFO main TestCases.AddPromotion - 登录ERP系统成功
2016-09-06 16:56:55,238 INFO main TestCases.AddPromotion - 没能成功删除新增的活动信息
2016-09-06 17:23:44,575 INFO main TestCases.AddPromotion - 读取yaml文件
2016-09-06 17:23:47,487 INFO main TestCases.AddPromotion - 登录ERP系统成功
2016-09-06 17:23:57,219 INFO main TestCases.AddPromotion - 没能成功删除新增的活动信息
2016-09-06 17:36:02,712 INFO main TestCases.AddPromotion - 读取yaml文件
2016-09-06 17:36:05,602 INFO main TestCases.AddPromotion - 登录ERP系统成功
2016-09-06 17:36:19,543 INFO main TestCases.AddPromotion - 没能成功删除新增的活动信息
2016-09-06 17:41:33,028 INFO main TestCases.AddPromotion - 读取yaml文件
2016-09-06 17:41:35,863 INFO main TestCases.AddPromotion - 登录ERP系统成功
2016-09-06 17:41:49,857 INFO main TestCases.AddPromotion - 没能成功删除新增的活动信息
2016-09-06 17:42:40,837 INFO main TestCases.AddPromotion - 读取yaml文件
2016-09-06 17:42:43,714 INFO main TestCases.AddPromotion - 登录ERP系统成功
2016-09-06 17:42:57,523 INFO main TestCases.AddPromotion - 新建促销活动成功
2016-09-06 17:42:57,730 INFO main TestCases.AddPromotion - 成功删除新增的活动信息
2016-09-07 11:18:24,329 INFO main TestCases.AddCoupon - 读取yaml文件
2016-09-07 11:18:26,215 INFO main TestCases.AddCoupon - 登录ERP系统成功
2016-09-07 11:18:31,976 INFO main TestCases.AddCoupon - 没能成功删除新增的优惠券信息
2016-09-07 11:19:33,961 INFO main TestCases.AddCoupon - 读取yaml文件
2016-09-07 11:19:35,821 INFO main TestCases.AddCoupon - 登录ERP系统成功
2016-09-07 11:19:41,534 INFO main TestCases.AddCoupon - 没能成功删除新增的优惠券信息
2016-09-07 11:59:26,142 INFO main TestCases.AddCoupon - 读取yaml文件
2016-09-07 11:59:28,005 INFO main TestCases.AddCoupon - 登录ERP系统成功
2016-09-07 11:59:33,763 INFO main TestCases.AddCoupon - 成功删除新增的优惠券信息
2016-09-07 12:00:07,451 INFO main TestCases.AddCoupon - 读取yaml文件
2016-09-07 12:00:09,300 INFO main TestCases.AddCoupon - 登录ERP系统成功
2016-09-07 12:00:16,843 INFO main TestCases.AddCoupon - 自动化新建优惠券成功！
2016-09-07 12:00:17,066 INFO main TestCases.AddCoupon - 成功删除新增的优惠券信息
2016-09-19 10:16:46,512 INFO pool-1-thread-1 TestCases.AddAttribute - **********************读取yaml文件**************************
2016-09-19 10:24:00,809 INFO main TestCases.AddAttribute - **********************读取yaml文件**************************
2016-09-19 10:28:59,135 INFO main TestCases.AddAttribute - **********************读取yaml文件**************************
2016-09-19 10:29:00,987 INFO main TestCases.AddAttribute - **********************登录ERP系统成功**************************
2016-09-19 10:29:08,472 INFO main TestCases.AddAttribute - **********************成功删除新增的属性信息**************************
2016-09-19 10:41:44,897 INFO pool-1-thread-1 TestCases.AddAttribute - **********************读取yaml文件**************************
2016-09-19 10:41:46,718 INFO pool-1-thread-1 TestCases.AddAttribute - **********************登录ERP系统成功**************************
2016-09-19 10:41:54,093 INFO pool-1-thread-1 TestCases.AddAttribute - **********************成功删除新增的属性信息**************************
2016-09-19 10:41:55,247 INFO pool-1-thread-1 TestCases.AddBrand - 读取yaml文件
2016-09-19 10:41:57,955 INFO pool-1-thread-1 TestCases.AddBrand - 登录ERP系统成功
2016-09-19 10:42:07,597 INFO pool-1-thread-1 TestCases.AddBrand - 上传品牌介绍图片
2016-09-19 10:42:14,764 INFO pool-1-thread-1 TestCases.AddBrand - 成功删除新增的品牌信息
2016-09-19 10:42:14,766 INFO pool-1-thread-1 TestCases.AddCoupon - 读取yaml文件
2016-09-19 10:42:16,489 INFO pool-1-thread-1 TestCases.AddCoupon - 登录ERP系统成功
2016-09-19 10:42:23,910 INFO pool-1-thread-1 TestCases.AddCoupon - 自动化新建优惠券成功！
2016-09-19 10:42:23,957 INFO pool-1-thread-1 TestCases.AddCoupon - 成功删除新增的优惠券信息
2016-09-19 10:42:23,959 INFO pool-1-thread-1 TestCases.Addgoods - 读取yaml文件
2016-09-19 10:42:26,698 INFO pool-1-thread-1 TestCases.Addgoods - 登录ERP系统成功
2016-09-19 10:42:57,179 INFO pool-1-thread-1 TestCases.Addgoods - 第一张图片上传成功
2016-09-19 10:43:00,235 INFO pool-1-thread-1 TestCases.Addgoods - 第二张图片上传成功
2016-09-19 10:43:04,289 INFO pool-1-thread-1 TestCases.Addgoods - 第三张图片上传成功
2016-09-19 10:43:09,374 INFO pool-1-thread-1 TestCases.Addgoods - 自动化新增商品成功
2016-09-19 10:43:09,447 INFO pool-1-thread-1 TestCases.Addgoods - 成功删除新增的商品信息
2016-09-19 10:43:09,449 INFO pool-1-thread-1 TestCases.AddLogistics - **********************读取yaml文件**************************
2016-09-19 10:43:11,199 INFO pool-1-thread-1 TestCases.AddLogistics - **********************登录ERP系统成功**************************
2016-09-19 10:43:23,755 INFO pool-1-thread-1 TestCases.AddLogistics - 新增物流商信息成功。
2016-09-19 10:43:23,809 INFO pool-1-thread-1 TestCases.AddLogistics - 成功删除了新增的物流商信息
2016-09-19 10:43:23,811 INFO pool-1-thread-1 TestCases.AddMerchent - 读取yaml文件
2016-09-19 10:43:26,552 INFO pool-1-thread-1 TestCases.AddMerchent - 登录ERP系统成功
2016-09-19 10:43:40,681 INFO pool-1-thread-1 TestCases.AddPromotion - 读取yaml文件
2016-09-19 10:43:43,410 INFO pool-1-thread-1 TestCases.AddPromotion - 登录ERP系统成功
2016-09-19 10:43:57,168 INFO pool-1-thread-1 TestCases.AddPromotion - 新建促销活动成功
2016-09-19 10:43:57,215 INFO pool-1-thread-1 TestCases.AddPromotion - 成功删除新增的活动信息
2016-09-19 10:43:57,217 INFO pool-1-thread-1 TestCases.AddAttribute - **********************读取yaml文件**************************
2016-09-19 10:43:58,936 INFO pool-1-thread-1 TestCases.AddAttribute - **********************登录ERP系统成功**************************
2016-09-19 10:44:18,288 INFO pool-1-thread-1 TestCases.AddAttribute - 新建仓库信息成功
2016-09-19 10:44:18,319 INFO pool-1-thread-1 TestCases.AddAttribute - 成功删除了新增的仓库信息
2016-09-19 10:44:18,320 INFO pool-1-thread-1 TestCases.ManualChangeInventory - 读取yaml文件
2016-09-19 10:44:21,033 INFO pool-1-thread-1 TestCases.ManualChangeInventory - 登录ERP系统成功
2016-09-19 10:44:30,130 INFO pool-1-thread-1 TestCases.ManualChangeInventory - 批量导入库存成功
2016-09-19 10:44:30,200 INFO pool-1-thread-1 TestCases.EditAttribute - **********************读取yaml文件**************************
2016-09-19 10:44:31,984 INFO pool-1-thread-1 TestCases.EditAttribute - **********************登录ERP系统成功**************************
2016-09-19 10:44:38,352 INFO pool-1-thread-1 TestCases.EditAttribute - **********************成功恢复被编辑的属性信息**************************
2016-09-19 10:44:38,354 INFO pool-1-thread-1 TestCases.EditBrand - 读取yaml文件
2016-09-19 10:44:41,074 INFO pool-1-thread-1 TestCases.EditBrand - 登录ERP系统成功
2016-09-19 10:44:50,456 INFO pool-1-thread-1 TestCases.EditBrand - 成功恢复被编辑的品牌信息
2016-09-19 10:44:50,460 INFO pool-1-thread-1 TestCases.EditGoods - 读取yaml文件
2016-09-19 10:44:53,183 INFO pool-1-thread-1 TestCases.EditGoods - 登录ERP系统成功
2016-09-19 10:44:55,103 INFO pool-1-thread-1 TestCases.EditLogistics - 读取yaml文件
2016-09-19 10:44:57,843 INFO pool-1-thread-1 TestCases.EditLogistics - 登录ERP系统成功
2016-09-19 10:45:08,528 INFO pool-1-thread-1 TestCases.EditLogistics - 自动化编辑物流商成功
2016-09-19 10:45:08,570 INFO pool-1-thread-1 TestCases.EditLogistics - 成功恢复被编辑的物流商信息
2016-09-19 10:45:08,572 INFO pool-1-thread-1 TestCases.EditMerchent - 读取yaml文件
2016-09-19 10:45:11,310 INFO pool-1-thread-1 TestCases.EditMerchent - 登录ERP系统成功
2016-09-19 10:45:21,771 INFO pool-1-thread-1 TestCases.EditWarehouse - 读取yaml文件
2016-09-19 10:45:24,493 INFO pool-1-thread-1 TestCases.EditWarehouse - 登录ERP系统成功
2016-09-19 10:45:33,670 INFO pool-1-thread-1 TestCases.EditWarehouse - ******编辑仓库信息成功******
2016-09-19 10:45:33,720 INFO pool-1-thread-1 TestCases.EditWarehouse - **********************成功恢复被编辑的仓库信息**************************
2016-09-19 10:45:33,722 INFO pool-1-thread-1 TestCases.ManualChangeInventory - 读取yaml文件
2016-09-19 10:49:20,136 INFO main TestCases.AddMerchent - 读取yaml文件
2016-09-19 10:49:22,940 INFO main TestCases.AddMerchent - 登录ERP系统成功
2016-09-19 10:52:33,572 INFO main TestCases.AddMerchent - 读取yaml文件
2016-09-19 10:52:36,397 INFO main TestCases.AddMerchent - 登录ERP系统成功
2016-09-19 10:52:49,272 INFO main TestCases.AddMerchent - 成功删除新增的商家信息
2016-09-19 10:53:07,629 INFO main TestCases.EditGoods - 读取yaml文件
2016-09-19 10:53:10,447 INFO main TestCases.EditGoods - 登录ERP系统成功
2016-09-19 10:53:58,379 INFO main TestCases.EditMerchent - 读取yaml文件
2016-09-19 10:54:01,188 INFO main TestCases.EditMerchent - 登录ERP系统成功
2016-09-19 10:57:44,894 INFO main TestCases.EditMerchent - 读取yaml文件
2016-09-19 10:57:47,701 INFO main TestCases.EditMerchent - 登录ERP系统成功
2016-09-19 10:57:58,348 INFO main TestCases.EditMerchent - 成功恢复被编辑的商家信息
2016-09-19 10:58:28,176 INFO main TestCases.ManualChangeInventory - 读取yaml文件
2016-09-19 10:58:30,973 INFO main TestCases.ManualChangeInventory - 登录ERP系统成功
2016-09-19 10:58:44,454 INFO main TestCases.ManualChangeInventory - 手动调整库存成功！
2016-09-20 17:26:47,477 INFO pool-1-thread-1 TestCases.AddAttribute - **********************读取yaml文件**************************
2016-09-20 17:26:49,298 INFO pool-1-thread-1 TestCases.AddAttribute - **********************登录ERP系统成功**************************
2016-09-20 17:29:44,392 INFO pool-1-thread-1 TestCases.AddAttribute - **********************读取yaml文件**************************
2016-09-20 17:29:46,190 INFO pool-1-thread-1 TestCases.AddAttribute - **********************登录ERP系统成功**************************
2016-09-20 17:29:53,607 INFO pool-1-thread-1 TestCases.AddAttribute - **********************成功删除新增的属性信息**************************
2016-09-20 17:29:55,816 INFO pool-1-thread-1 TestCases.AddBrand - 读取yaml文件
2016-09-20 17:29:58,507 INFO pool-1-thread-1 TestCases.AddBrand - 登录ERP系统成功
2016-09-20 17:30:08,065 INFO pool-1-thread-1 TestCases.AddBrand - 上传品牌介绍图片
2016-09-20 17:30:15,244 INFO pool-1-thread-1 TestCases.AddBrand - 成功删除新增的品牌信息
2016-09-20 17:30:17,945 INFO pool-1-thread-1 TestCases.AddCoupon - 读取yaml文件
2016-09-20 17:30:19,647 INFO pool-1-thread-1 TestCases.AddCoupon - 登录ERP系统成功
2016-09-20 17:30:32,719 INFO pool-1-thread-1 TestCases.Addgoods - 读取yaml文件
2016-09-20 17:30:35,421 INFO pool-1-thread-1 TestCases.Addgoods - 登录ERP系统成功
2016-09-20 17:31:05,726 INFO pool-1-thread-1 TestCases.Addgoods - 第一张图片上传成功
2016-09-20 17:31:08,781 INFO pool-1-thread-1 TestCases.Addgoods - 第二张图片上传成功
2016-09-20 17:31:12,839 INFO pool-1-thread-1 TestCases.Addgoods - 第三张图片上传成功
2016-09-20 17:31:17,913 INFO pool-1-thread-1 TestCases.Addgoods - 自动化新增商品成功
2016-09-20 17:31:18,011 INFO pool-1-thread-1 TestCases.Addgoods - 成功删除新增的商品信息
2016-09-20 17:31:20,226 INFO pool-1-thread-1 TestCases.AddLogistics - **********************读取yaml文件**************************
2016-09-20 17:31:21,924 INFO pool-1-thread-1 TestCases.AddLogistics - **********************登录ERP系统成功**************************
2016-09-20 17:31:36,015 INFO pool-1-thread-1 TestCases.AddMerchent - 读取yaml文件
2016-09-20 17:31:38,727 INFO pool-1-thread-1 TestCases.AddMerchent - 登录ERP系统成功
2016-09-20 17:31:51,410 INFO pool-1-thread-1 TestCases.AddMerchent - 成功删除新增的商家信息
2016-09-20 17:31:54,145 INFO pool-1-thread-1 TestCases.AddPromotion - 读取yaml文件
2016-09-20 17:31:56,831 INFO pool-1-thread-1 TestCases.AddPromotion - 登录ERP系统成功
2016-09-20 17:32:11,434 INFO pool-1-thread-1 TestCases.AddAttribute - **********************读取yaml文件**************************
2016-09-20 17:32:13,140 INFO pool-1-thread-1 TestCases.AddAttribute - **********************登录ERP系统成功**************************
2016-09-20 17:32:32,485 INFO pool-1-thread-1 TestCases.AddAttribute - 新建仓库信息成功
2016-09-20 17:32:32,522 INFO pool-1-thread-1 TestCases.AddAttribute - 成功删除了新增的仓库信息
2016-09-20 17:32:35,259 INFO pool-1-thread-1 TestCases.ManualChangeInventory - 读取yaml文件
2016-09-20 17:32:37,949 INFO pool-1-thread-1 TestCases.ManualChangeInventory - 登录ERP系统成功
2016-09-20 17:32:47,012 INFO pool-1-thread-1 TestCases.ManualChangeInventory - 批量导入库存成功
2016-09-20 17:32:49,802 INFO pool-1-thread-1 TestCases.EditAttribute - **********************读取yaml文件**************************
2016-09-20 17:32:51,495 INFO pool-1-thread-1 TestCases.EditAttribute - **********************登录ERP系统成功**************************
2016-09-20 17:32:57,718 INFO pool-1-thread-1 TestCases.EditAttribute - **********************成功恢复被编辑的属性信息**************************
2016-09-20 17:33:00,442 INFO pool-1-thread-1 TestCases.EditBrand - 读取yaml文件
2016-09-20 17:33:03,139 INFO pool-1-thread-1 TestCases.EditBrand - 登录ERP系统成功
2016-09-20 17:33:12,482 INFO pool-1-thread-1 TestCases.EditBrand - 成功恢复被编辑的品牌信息
2016-09-20 17:33:15,215 INFO pool-1-thread-1 TestCases.EditGoods - 读取yaml文件
2016-09-20 17:33:17,928 INFO pool-1-thread-1 TestCases.EditGoods - 登录ERP系统成功
2016-09-20 17:33:21,422 INFO pool-1-thread-1 TestCases.EditLogistics - 读取yaml文件
2016-09-20 17:33:24,174 INFO pool-1-thread-1 TestCases.EditLogistics - 登录ERP系统成功
2016-09-20 17:33:38,738 INFO pool-1-thread-1 TestCases.EditMerchent - 读取yaml文件
2016-09-20 17:33:41,486 INFO pool-1-thread-1 TestCases.EditMerchent - 登录ERP系统成功
2016-09-20 17:33:51,971 INFO pool-1-thread-1 TestCases.EditMerchent - 成功恢复被编辑的商家信息
2016-09-20 17:33:54,700 INFO pool-1-thread-1 TestCases.EditWarehouse - 读取yaml文件
2016-09-20 17:33:57,414 INFO pool-1-thread-1 TestCases.EditWarehouse - 登录ERP系统成功
2016-09-20 17:34:14,135 INFO pool-1-thread-1 TestCases.ManualChangeInventory - 读取yaml文件
2016-09-20 17:34:16,841 INFO pool-1-thread-1 TestCases.ManualChangeInventory - 登录ERP系统成功
2016-09-20 17:34:30,307 INFO pool-1-thread-1 TestCases.ManualChangeInventory - 手动调整库存成功！
2016-09-21 15:50:15,676 INFO main TestCases.EditGoods - 读取yaml文件
2016-09-21 15:50:18,501 INFO main TestCases.EditGoods - 登录ERP系统成功
2016-09-21 15:50:29,220 INFO main TestCases.EditGoods - 编辑商品成功
2016-09-21 15:50:29,482 INFO main TestCases.EditGoods - 成功恢复被编辑的品牌信息
2016-09-21 15:50:47,292 INFO main TestCases.EditGoods - 读取yaml文件
2016-09-21 15:50:50,111 INFO main TestCases.EditGoods - 登录ERP系统成功
2016-09-21 15:51:00,806 INFO main TestCases.EditGoods - 编辑商品成功
2016-09-21 15:51:01,083 INFO main TestCases.EditGoods - 成功恢复被编辑的品牌信息
2016-09-21 16:19:03,785 INFO main TestCases.AddCoupon - 读取yaml文件
2016-09-21 16:19:05,618 INFO main TestCases.AddCoupon - 登录ERP系统成功
2016-09-21 16:19:13,055 INFO main TestCases.AddCoupon - 自动化新建优惠券成功！
2016-09-21 16:19:13,261 INFO main TestCases.AddCoupon - 成功删除新增的优惠券信息
2016-09-21 16:20:24,385 INFO main TestCases.AddLogistics - **********************读取yaml文件**************************
2016-09-21 16:20:26,241 INFO main TestCases.AddLogistics - **********************登录ERP系统成功**************************
2016-09-21 16:20:38,797 INFO main TestCases.AddLogistics - 新增物流商信息成功。
2016-09-21 16:20:38,999 INFO main TestCases.AddLogistics - 成功删除了新增的物流商信息
2016-09-21 16:21:02,559 INFO main TestCases.AddPromotion - 读取yaml文件
2016-09-21 16:21:05,362 INFO main TestCases.AddPromotion - 登录ERP系统成功
2016-09-21 16:21:19,084 INFO main TestCases.AddPromotion - 新建促销活动成功
2016-09-21 16:21:19,292 INFO main TestCases.AddPromotion - 成功删除新增的活动信息
2016-09-21 16:21:43,602 INFO main TestCases.EditLogistics - 读取yaml文件
2016-09-21 16:21:46,420 INFO main TestCases.EditLogistics - 登录ERP系统成功
2016-09-21 16:21:57,029 INFO main TestCases.EditLogistics - 自动化编辑物流商成功
2016-09-21 16:21:57,230 INFO main TestCases.EditLogistics - 成功恢复被编辑的物流商信息
2016-09-21 16:23:18,222 INFO pool-1-thread-1 TestCases.AddAttribute - **********************读取yaml文件**************************
2016-09-21 16:23:20,063 INFO pool-1-thread-1 TestCases.AddAttribute - **********************登录ERP系统成功**************************
2016-09-21 16:23:27,436 INFO pool-1-thread-1 TestCases.AddAttribute - **********************成功删除新增的属性信息**************************
2016-09-21 16:23:30,199 INFO pool-1-thread-1 TestCases.AddBrand - 读取yaml文件
2016-09-21 16:23:32,919 INFO pool-1-thread-1 TestCases.AddBrand - 登录ERP系统成功
2016-09-21 16:23:42,539 INFO pool-1-thread-1 TestCases.AddBrand - 上传品牌介绍图片
2016-09-21 16:23:49,721 INFO pool-1-thread-1 TestCases.AddBrand - 成功删除新增的品牌信息
2016-09-21 16:23:52,501 INFO pool-1-thread-1 TestCases.AddCoupon - 读取yaml文件
2016-09-21 16:23:54,222 INFO pool-1-thread-1 TestCases.AddCoupon - 登录ERP系统成功
2016-09-21 16:24:01,670 INFO pool-1-thread-1 TestCases.AddCoupon - 自动化新建优惠券成功！
2016-09-21 16:24:01,718 INFO pool-1-thread-1 TestCases.AddCoupon - 成功删除新增的优惠券信息
2016-09-21 16:24:04,584 INFO pool-1-thread-1 TestCases.Addgoods - 读取yaml文件
2016-09-21 16:24:07,302 INFO pool-1-thread-1 TestCases.Addgoods - 登录ERP系统成功
2016-09-21 16:24:31,601 INFO pool-1-thread-1 TestCases.AddLogistics - **********************读取yaml文件**************************
2016-09-21 16:24:33,341 INFO pool-1-thread-1 TestCases.AddLogistics - **********************登录ERP系统成功**************************
2016-09-21 16:24:45,835 INFO pool-1-thread-1 TestCases.AddLogistics - 新增物流商信息成功。
2016-09-21 16:24:45,901 INFO pool-1-thread-1 TestCases.AddLogistics - 成功删除了新增的物流商信息
2016-09-21 16:24:48,683 INFO pool-1-thread-1 TestCases.AddMerchent - 读取yaml文件
2016-09-21 16:24:51,399 INFO pool-1-thread-1 TestCases.AddMerchent - 登录ERP系统成功
2016-09-21 16:25:04,151 INFO pool-1-thread-1 TestCases.AddMerchent - 成功删除新增的商家信息
2016-09-21 16:25:06,938 INFO pool-1-thread-1 TestCases.AddPromotion - 读取yaml文件
2016-09-21 16:25:09,707 INFO pool-1-thread-1 TestCases.AddPromotion - 登录ERP系统成功
2016-09-21 16:25:23,446 INFO pool-1-thread-1 TestCases.AddPromotion - 新建促销活动成功
2016-09-21 16:25:23,484 INFO pool-1-thread-1 TestCases.AddPromotion - 成功删除新增的活动信息
2016-09-21 16:25:26,275 INFO pool-1-thread-1 TestCases.AddAttribute - **********************读取yaml文件**************************
2016-09-21 16:25:28,013 INFO pool-1-thread-1 TestCases.AddAttribute - **********************登录ERP系统成功**************************
2016-09-21 16:25:47,392 INFO pool-1-thread-1 TestCases.AddAttribute - 新建仓库信息成功
2016-09-21 16:25:47,434 INFO pool-1-thread-1 TestCases.AddAttribute - 成功删除了新增的仓库信息
2016-09-21 16:25:50,227 INFO pool-1-thread-1 TestCases.ManualChangeInventory - 读取yaml文件
2016-09-21 16:25:52,945 INFO pool-1-thread-1 TestCases.ManualChangeInventory - 登录ERP系统成功
2016-09-21 16:26:02,046 INFO pool-1-thread-1 TestCases.ManualChangeInventory - 批量导入库存成功
2016-09-21 16:26:04,919 INFO pool-1-thread-1 TestCases.EditAttribute - **********************读取yaml文件**************************
2016-09-21 16:26:06,641 INFO pool-1-thread-1 TestCases.EditAttribute - **********************登录ERP系统成功**************************
2016-09-21 16:26:12,917 INFO pool-1-thread-1 TestCases.EditAttribute - **********************成功恢复被编辑的属性信息**************************
2016-09-21 16:26:15,701 INFO pool-1-thread-1 TestCases.EditBrand - 读取yaml文件
2016-09-21 16:26:18,427 INFO pool-1-thread-1 TestCases.EditBrand - 登录ERP系统成功
2016-09-21 16:26:27,842 INFO pool-1-thread-1 TestCases.EditBrand - 成功恢复被编辑的品牌信息
2016-09-21 16:26:30,639 INFO pool-1-thread-1 TestCases.EditGoods - 读取yaml文件
2016-09-21 16:26:33,374 INFO pool-1-thread-1 TestCases.EditGoods - 登录ERP系统成功
2016-09-21 16:26:44,098 INFO pool-1-thread-1 TestCases.EditGoods - 编辑商品成功
2016-09-21 16:26:44,173 INFO pool-1-thread-1 TestCases.EditGoods - 成功恢复被编辑的品牌信息
2016-09-21 16:26:46,985 INFO pool-1-thread-1 TestCases.EditLogistics - 读取yaml文件
2016-09-21 16:26:49,760 INFO pool-1-thread-1 TestCases.EditLogistics - 登录ERP系统成功
2016-09-21 16:27:00,359 INFO pool-1-thread-1 TestCases.EditLogistics - 自动化编辑物流商成功
2016-09-21 16:27:00,405 INFO pool-1-thread-1 TestCases.EditLogistics - 成功恢复被编辑的物流商信息
2016-09-21 16:27:03,193 INFO pool-1-thread-1 TestCases.EditMerchent - 读取yaml文件
2016-09-21 16:27:05,906 INFO pool-1-thread-1 TestCases.EditMerchent - 登录ERP系统成功
2016-09-21 16:27:16,426 INFO pool-1-thread-1 TestCases.EditMerchent - 成功恢复被编辑的商家信息
2016-09-21 16:27:19,347 INFO pool-1-thread-1 TestCases.EditWarehouse - 读取yaml文件
2016-09-21 16:27:22,072 INFO pool-1-thread-1 TestCases.EditWarehouse - 登录ERP系统成功
2016-09-21 16:27:31,275 INFO pool-1-thread-1 TestCases.EditWarehouse - ******编辑仓库信息成功******
2016-09-21 16:27:31,318 INFO pool-1-thread-1 TestCases.EditWarehouse - **********************成功恢复被编辑的仓库信息**************************
2016-09-21 16:27:34,111 INFO pool-1-thread-1 TestCases.ManualChangeInventory - 读取yaml文件
2016-09-21 16:27:36,831 INFO pool-1-thread-1 TestCases.ManualChangeInventory - 登录ERP系统成功
2016-09-21 16:27:50,340 INFO pool-1-thread-1 TestCases.ManualChangeInventory - 手动调整库存成功！
2016-09-21 17:21:44,916 INFO main TestCases.Addgoods - 读取yaml文件
2016-09-21 17:21:47,743 INFO main TestCases.Addgoods - 登录ERP系统成功
2016-09-21 17:27:35,610 INFO main TestCases.Addgoods - 读取yaml文件
2016-09-21 17:27:38,447 INFO main TestCases.Addgoods - 登录ERP系统成功
2016-09-21 17:28:08,890 INFO main TestCases.Addgoods - 第一张图片上传成功
2016-09-21 17:28:11,951 INFO main TestCases.Addgoods - 第二张图片上传成功
2016-09-21 17:28:16,012 INFO main TestCases.Addgoods - 第三张图片上传成功
2016-09-21 17:28:21,094 INFO main TestCases.Addgoods - 自动化新增商品成功
2016-09-21 17:28:21,350 INFO main TestCases.Addgoods - 成功删除新增的商品信息
2016-09-21 17:28:43,563 INFO main TestCases.EditGoods - 读取yaml文件
2016-09-21 17:28:46,401 INFO main TestCases.EditGoods - 登录ERP系统成功
2016-09-21 17:30:13,204 INFO main TestCases.EditGoods - 读取yaml文件
2016-09-21 17:30:16,032 INFO main TestCases.EditGoods - 登录ERP系统成功
2016-09-21 17:30:26,758 INFO main TestCases.EditGoods - 编辑商品成功
2016-09-21 17:30:27,027 INFO main TestCases.EditGoods - 成功恢复被编辑的品牌信息
2016-09-21 17:41:20,107 INFO main TestCases.AddCategory - **********************读取yaml文件**************************
2016-09-21 17:41:21,944 INFO main TestCases.AddCategory - **********************登录ERP系统成功**************************
2016-09-21 17:42:09,519 INFO main TestCases.AddCategory - **********************读取yaml文件**************************
2016-09-21 17:42:11,367 INFO main TestCases.AddCategory - **********************登录ERP系统成功**************************
2016-09-21 17:42:14,160 INFO main TestCases.AddCategory - **********新增一级分类*********
2016-09-21 17:44:24,994 INFO main TestCases.AddCategory - **********************读取yaml文件**************************
2016-09-21 17:44:26,806 INFO main TestCases.AddCategory - **********************登录ERP系统成功**************************
2016-09-21 17:44:29,631 INFO main TestCases.AddCategory - **********新增一级分类*********
2016-09-21 17:45:58,844 INFO main TestCases.AddCategory - **********************读取yaml文件**************************
2016-09-21 17:46:00,662 INFO main TestCases.AddCategory - **********************登录ERP系统成功**************************
2016-09-21 17:46:03,533 INFO main TestCases.AddCategory - **********新增一级分类*********
2016-09-21 17:46:12,220 INFO main TestCases.AddCategory - **********************成功删除新增的分类信息**************************
2016-09-22 15:03:54,825 INFO pool-1-thread-1 TestCases.AddAttribute - **********************读取yaml文件**************************
2016-09-22 15:03:56,634 INFO pool-1-thread-1 TestCases.AddAttribute - **********************登录ERP系统成功**************************
2016-09-22 15:04:03,996 INFO pool-1-thread-1 TestCases.AddAttribute - **********************成功删除新增的属性信息**************************
2016-09-22 15:04:06,746 INFO pool-1-thread-1 TestCases.AddBrand - 读取yaml文件
2016-09-22 15:04:09,461 INFO pool-1-thread-1 TestCases.AddBrand - 登录ERP系统成功
2016-09-22 15:04:19,033 INFO pool-1-thread-1 TestCases.AddBrand - 上传品牌介绍图片
2016-09-22 15:04:26,208 INFO pool-1-thread-1 TestCases.AddBrand - 成功删除新增的品牌信息
2016-09-22 15:04:28,978 INFO pool-1-thread-1 TestCases.AddCoupon - 读取yaml文件
2016-09-22 15:04:30,685 INFO pool-1-thread-1 TestCases.AddCoupon - 登录ERP系统成功
2016-09-22 15:04:38,100 INFO pool-1-thread-1 TestCases.AddCoupon - 自动化新建优惠券成功！
2016-09-22 15:04:38,149 INFO pool-1-thread-1 TestCases.AddCoupon - 成功删除新增的优惠券信息
2016-09-22 15:04:40,922 INFO pool-1-thread-1 TestCases.Addgoods - 读取yaml文件
2016-09-22 15:04:43,632 INFO pool-1-thread-1 TestCases.Addgoods - 登录ERP系统成功
2016-09-22 15:05:13,989 INFO pool-1-thread-1 TestCases.Addgoods - 第一张图片上传成功
2016-09-22 15:05:17,046 INFO pool-1-thread-1 TestCases.Addgoods - 第二张图片上传成功
2016-09-22 15:05:21,105 INFO pool-1-thread-1 TestCases.Addgoods - 第三张图片上传成功
2016-09-22 15:05:26,179 INFO pool-1-thread-1 TestCases.Addgoods - 自动化新增商品成功
2016-09-22 15:05:26,296 INFO pool-1-thread-1 TestCases.Addgoods - 成功删除新增的商品信息
2016-09-22 15:05:29,087 INFO pool-1-thread-1 TestCases.AddLogistics - **********************读取yaml文件**************************
2016-09-22 15:05:30,797 INFO pool-1-thread-1 TestCases.AddLogistics - **********************登录ERP系统成功**************************
2016-09-22 15:05:43,279 INFO pool-1-thread-1 TestCases.AddLogistics - 新增物流商信息成功。
2016-09-22 15:05:43,318 INFO pool-1-thread-1 TestCases.AddLogistics - 成功删除了新增的物流商信息
2016-09-22 15:05:46,088 INFO pool-1-thread-1 TestCases.AddMerchent - 读取yaml文件
2016-09-22 15:05:48,824 INFO pool-1-thread-1 TestCases.AddMerchent - 登录ERP系统成功
2016-09-22 15:06:01,617 INFO pool-1-thread-1 TestCases.AddMerchent - 成功删除新增的商家信息
2016-09-22 15:06:04,358 INFO pool-1-thread-1 TestCases.AddPromotion - 读取yaml文件
2016-09-22 15:06:07,073 INFO pool-1-thread-1 TestCases.AddPromotion - 登录ERP系统成功
2016-09-22 15:06:20,776 INFO pool-1-thread-1 TestCases.AddPromotion - 新建促销活动成功
2016-09-22 15:06:20,827 INFO pool-1-thread-1 TestCases.AddPromotion - 成功删除新增的活动信息
2016-09-22 15:06:23,606 INFO pool-1-thread-1 TestCases.AddAttribute - **********************读取yaml文件**************************
2016-09-22 15:06:25,351 INFO pool-1-thread-1 TestCases.AddAttribute - **********************登录ERP系统成功**************************
2016-09-22 15:06:44,733 INFO pool-1-thread-1 TestCases.AddAttribute - 新建仓库信息成功
2016-09-22 15:06:44,771 INFO pool-1-thread-1 TestCases.AddAttribute - 成功删除了新增的仓库信息
2016-09-22 15:06:47,522 INFO pool-1-thread-1 TestCases.ManualChangeInventory - 读取yaml文件
2016-09-22 15:06:50,249 INFO pool-1-thread-1 TestCases.ManualChangeInventory - 登录ERP系统成功
2016-09-22 15:06:59,313 INFO pool-1-thread-1 TestCases.ManualChangeInventory - 批量导入库存成功
2016-09-22 15:07:01,643 INFO pool-1-thread-1 TestCases.EditAttribute - **********************读取yaml文件**************************
2016-09-22 15:07:03,342 INFO pool-1-thread-1 TestCases.EditAttribute - **********************登录ERP系统成功**************************
2016-09-22 15:07:09,597 INFO pool-1-thread-1 TestCases.EditAttribute - **********************成功恢复被编辑的属性信息**************************
2016-09-22 15:07:12,355 INFO pool-1-thread-1 TestCases.EditBrand - 读取yaml文件
2016-09-22 15:07:15,225 INFO pool-1-thread-1 TestCases.EditBrand - 登录ERP系统成功
2016-09-22 15:07:24,605 INFO pool-1-thread-1 TestCases.EditBrand - 成功恢复被编辑的品牌信息
2016-09-22 15:07:26,890 INFO pool-1-thread-1 TestCases.EditGoods - 读取yaml文件
2016-09-22 15:07:29,597 INFO pool-1-thread-1 TestCases.EditGoods - 登录ERP系统成功
2016-09-22 15:07:40,235 INFO pool-1-thread-1 TestCases.EditGoods - 编辑商品成功
2016-09-22 15:07:40,371 INFO pool-1-thread-1 TestCases.EditGoods - 成功恢复被编辑的品牌信息
2016-09-22 15:07:43,146 INFO pool-1-thread-1 TestCases.EditLogistics - 读取yaml文件
2016-09-22 15:07:45,873 INFO pool-1-thread-1 TestCases.EditLogistics - 登录ERP系统成功
2016-09-22 15:07:56,451 INFO pool-1-thread-1 TestCases.EditLogistics - 自动化编辑物流商成功
2016-09-22 15:07:56,496 INFO pool-1-thread-1 TestCases.EditLogistics - 成功恢复被编辑的物流商信息
2016-09-22 15:07:59,272 INFO pool-1-thread-1 TestCases.EditMerchent - 读取yaml文件
2016-09-22 15:08:02,006 INFO pool-1-thread-1 TestCases.EditMerchent - 登录ERP系统成功
2016-09-22 15:08:12,537 INFO pool-1-thread-1 TestCases.EditMerchent - 成功恢复被编辑的商家信息
2016-09-22 15:08:15,341 INFO pool-1-thread-1 TestCases.EditWarehouse - 读取yaml文件
2016-09-22 15:08:18,059 INFO pool-1-thread-1 TestCases.EditWarehouse - 登录ERP系统成功
2016-09-22 15:08:27,226 INFO pool-1-thread-1 TestCases.EditWarehouse - ******编辑仓库信息成功******
2016-09-22 15:08:27,316 INFO pool-1-thread-1 TestCases.EditWarehouse - **********************成功恢复被编辑的仓库信息**************************
2016-09-22 15:08:30,072 INFO pool-1-thread-1 TestCases.ManualChangeInventory - 读取yaml文件
2016-09-22 15:08:32,810 INFO pool-1-thread-1 TestCases.ManualChangeInventory - 登录ERP系统成功
2016-09-22 15:08:46,247 INFO pool-1-thread-1 TestCases.ManualChangeInventory - 手动调整库存成功！
2016-09-22 18:25:41,139 INFO pool-1-thread-1 TestCases.ManualChangeInventory - 读取yaml文件
2016-09-22 18:25:43,982 INFO pool-1-thread-1 TestCases.ManualChangeInventory - 登录ERP系统成功
2016-09-22 18:25:57,476 INFO pool-1-thread-1 TestCases.ManualChangeInventory - 手动调整库存成功！
2016-09-23 12:52:59,374 INFO main TestCases.ManualChangeInventory - 璇诲yaml浠
2016-09-23 12:53:02,369 INFO main TestCases.ManualChangeInventory - 诲ERP绯荤
2016-09-23 13:51:30,577 INFO main TestCases.BiyoApp - **********************诲蹇APP**************************
2016-09-23 13:57:49,417 INFO main TestCases.BiyoApp - **********************诲蹇APP**************************
2016-09-23 14:01:59,505 INFO main TestCases.BiyoApp - **********************哄APP**************************
2016-09-23 14:02:18,342 INFO main TestCases.BiyoApp - **********************诲蹇APP**************************
2016-09-23 14:12:43,585 INFO main TestCases.BiyoApp - **********************哄APP**************************
2016-09-23 14:13:03,588 INFO main TestCases.BiyoApp - **********************诲蹇APP**************************
